<?xml version="1.0" encoding="UTF-8"?>
<testng-results ignored="0" total="1" passed="1" failed="0" skipped="0">
  <reporter-output>
  </reporter-output>
  <suite started-at="2021-02-14T21:33:33Z" name="Suite" finished-at="2021-02-14T21:33:48Z" duration-ms="15069">
    <groups>
    </groups>
    <test started-at="2021-02-14T21:33:33Z" name="Test" finished-at="2021-02-14T21:33:48Z" duration-ms="15069">
      <class name="com.actitme.test.TestActiTimeLogin">
        <test-method is-config="true" signature="openApp()[pri:0, instance:com.actitme.test.TestActiTimeLogin@2a7f1f10]" started-at="2021-02-14T21:33:33Z" name="openApp" finished-at="2021-02-14T21:33:43Z" duration-ms="10428" status="PASS">
          <reporter-output>
          </reporter-output>
        </test-method> <!-- openApp -->
        <test-method signature="login()[pri:0, instance:com.actitme.test.TestActiTimeLogin@2a7f1f10]" started-at="2021-02-14T21:33:43Z" name="login" finished-at="2021-02-14T21:33:44Z" duration-ms="503" status="PASS">
          <reporter-output>
          </reporter-output>
        </test-method> <!-- login -->
        <test-method is-config="true" signature="closeApp()[pri:0, instance:com.actitme.test.TestActiTimeLogin@2a7f1f10]" started-at="2021-02-14T21:33:44Z" name="closeApp" finished-at="2021-02-14T21:33:48Z" duration-ms="4124" status="PASS">
          <reporter-output>
          </reporter-output>
        </test-method> <!-- closeApp -->
      </class> <!-- com.actitme.test.TestActiTimeLogin -->
    </test> <!-- Test -->
  </suite> <!-- Suite -->
</testng-results>
